alb.sh008 +X289635 (40.184726,19.593021) NMP alb.sh008 +X463366 (40.184628,19.593) 
alb.sh008 +X463366 (40.184628,19.593) NMP alb.sh008 +X289635 (40.184726,19.593021) 

chngd.ah001 +X427204 (25.231032,113.072319) NMP chngd.g04w3 +X427204 (25.231032,113.072318) 
chngd.g04 +X427204 (25.231032,113.072319) NMP chngd.g04w3 +X427204 (25.231032,113.072318) 
chngd.g04w3 +X427204 (25.231032,113.072318) NMP chngd.ah001 +X427204 (25.231032,113.072319) chngd.g04 +X427204 (25.231032,113.072319) 

chnhe.ah001 G2516_E (37.012354,114.573669) NMP chnhe.g2516 G4_N (37.012354,114.57367) 
chnhe.g04 G2516_E (37.012354,114.573669) NMP chnhe.g2516 G4_N (37.012354,114.57367) 
chnhe.g2516 G4_N (37.012354,114.57367) NMP chnhe.ah001 G2516_E (37.012354,114.573669) chnhe.g04 G2516_E (37.012354,114.573669) 

cze.d005 +75 (49.698088,13.430958) NMP cze.e49 StaPlz (49.698088,13.430959) 
cze.e49 StaPlz (49.698088,13.430959) NMP cze.d005 +75 (49.698088,13.430958) cze.e50 +75(D5) (49.698088,13.430958) 
cze.e50 +75(D5) (49.698088,13.430958) NMP cze.e49 StaPlz (49.698088,13.430959) 

fra.a006a A106 (48.76783,2.344161) NMP fra.e15 3(A6b) [alt: ['+A106']] (48.76783,2.34416) fra.e50 3(A6b) [alt: ['+A106']] (48.76783,2.34416) fra.a006b 3 [alt: ['+A106']] (48.76783,2.34416) fra.a106 A6a/A6b (48.76783,2.344165) 
fra.a006b 3 [alt: ['+A106']] (48.76783,2.34416) NMP fra.e5 A106 (48.76783,2.344161) fra.a006a A106 (48.76783,2.344161) fra.a106 A6a/A6b (48.76783,2.344165) 
fra.a106 A6a/A6b (48.76783,2.344165) NMP fra.e5 A106 (48.76783,2.344161) fra.e15 3(A6b) [alt: ['+A106']] (48.76783,2.34416) fra.e50 3(A6b) [alt: ['+A106']] (48.76783,2.34416) fra.a006a A106 (48.76783,2.344161) fra.a006b 3 [alt: ['+A106']] (48.76783,2.34416) 
fra.e5 A106 (48.76783,2.344161) NMP fra.e15 3(A6b) [alt: ['+A106']] (48.76783,2.34416) fra.e50 3(A6b) [alt: ['+A106']] (48.76783,2.34416) fra.a006b 3 [alt: ['+A106']] (48.76783,2.34416) fra.a106 A6a/A6b (48.76783,2.344165) 
fra.e15 3(A6b) [alt: ['+A106']] (48.76783,2.34416) NMP fra.e5 A106 (48.76783,2.344161) fra.a006a A106 (48.76783,2.344161) fra.a106 A6a/A6b (48.76783,2.344165) 
fra.e50 3(A6b) [alt: ['+A106']] (48.76783,2.34416) NMP fra.e5 A106 (48.76783,2.344161) fra.a006a A106 (48.76783,2.344161) fra.a106 A6a/A6b (48.76783,2.344165) 

fra.a006a +N186 (48.756189,2.334295) NMP fra.e15 N186 [alt: ['+A86']] (48.756189,2.334294) fra.e50 N186 [alt: ['+A86']] (48.756189,2.334294) fra.a006b N186 [alt: ['+A86']] (48.756189,2.334294) fra.n186orl A6b (48.756189,2.334294) 
fra.a006b N186 [alt: ['+A86']] (48.756189,2.334294) NMP fra.e5 +N186 (48.756189,2.334295) fra.a006a +N186 (48.756189,2.334295) 
fra.e5 +N186 (48.756189,2.334295) NMP fra.e15 N186 [alt: ['+A86']] (48.756189,2.334294) fra.e50 N186 [alt: ['+A86']] (48.756189,2.334294) fra.a006b N186 [alt: ['+A86']] (48.756189,2.334294) fra.n186orl A6b (48.756189,2.334294) 
fra.e15 N186 [alt: ['+A86']] (48.756189,2.334294) NMP fra.e5 +N186 (48.756189,2.334295) fra.a006a +N186 (48.756189,2.334295) 
fra.e50 N186 [alt: ['+A86']] (48.756189,2.334294) NMP fra.e5 +N186 (48.756189,2.334295) fra.a006a +N186 (48.756189,2.334295) 
fra.n186orl A6b (48.756189,2.334294) NMP fra.e5 +N186 (48.756189,2.334295) fra.a006a +N186 (48.756189,2.334295) 

fra.d651 +3b (50.631933,3.082546) NMP fra.n356 3b (50.631933,3.082545) 
fra.n356 3b (50.631933,3.082545) NMP fra.d651 +3b (50.631933,3.082546) 

fra.e15 7a(A6) [alt: ['+D31']] (48.638949,2.395792) NMP fra.n441 D31 (48.638949,2.395794) 
fra.a006 7a [alt: ['+D31']] (48.638949,2.395792) NMP fra.n441 D31 (48.638949,2.395794) 
fra.n440 D31 (48.638949,2.395792) NMP fra.n441 D31 (48.638949,2.395794) 
fra.n441 D31 (48.638949,2.395794) NMP fra.e15 7a(A6) [alt: ['+D31']] (48.638949,2.395792) fra.a006 7a [alt: ['+D31']] (48.638949,2.395792) fra.n440 D31 (48.638949,2.395792) 

ita.e45 +6 (44.528332,11.351022) NMP ita.ra001 6 (44.528332,11.351023) 
ita.a014 +6 (44.528332,11.351022) NMP ita.ra001 6 (44.528332,11.351023) 
ita.ra001 6 (44.528332,11.351023) NMP ita.e45 +6 (44.528332,11.351022) ita.a014 +6 (44.528332,11.351022) 

ita.e45 +7 (44.522825,11.363875) NMP ita.ra001 7 (44.522825,11.363876) 
ita.a014 +7 (44.522825,11.363875) NMP ita.ra001 7 (44.522825,11.363876) 
ita.ra001 7 (44.522825,11.363876) NMP ita.e45 +7 (44.522825,11.363875) ita.a014 +7 (44.522825,11.363875) 

ita.e45 +8 (44.51467,11.377331) NMP ita.ra001 8 (44.51467,11.37733) 
ita.a014 +8 (44.51467,11.377331) NMP ita.ra001 8 (44.51467,11.37733) 
ita.ra001 8 (44.51467,11.37733) NMP ita.e45 +8 (44.51467,11.377331) ita.a014 +8 (44.51467,11.377331) 

ita.e45 +9 (44.509713,11.381022) NMP ita.ra001 9 (44.509713,11.381021) 
ita.a014 +9 (44.509713,11.381022) NMP ita.ra001 9 (44.509713,11.381021) 
ita.ra001 9 (44.509713,11.381021) NMP ita.e45 +9 (44.509713,11.381022) ita.a014 +9 (44.509713,11.381022) 

ita.e45 +10 (44.502673,11.383058) NMP ita.ra001 10 (44.502673,11.383059) 
ita.a014 +10 (44.502673,11.383058) NMP ita.ra001 10 (44.502673,11.383059) 
ita.ra001 10 (44.502673,11.383059) NMP ita.e45 +10 (44.502673,11.383058) ita.a014 +10 (44.502673,11.383058) 

ita.e45 +11 (44.493567,11.391064) NMP ita.ra001 11 (44.493567,11.391063) 
ita.a014 +11 (44.493567,11.391064) NMP ita.ra001 11 (44.493567,11.391063) 
ita.ra001 11 (44.493567,11.391063) NMP ita.e45 +11 (44.493567,11.391064) ita.a014 +11 (44.493567,11.391064) 

ita.e45 +X3 (44.490903,11.393681) NMP ita.ra001 +X3 (44.490903,11.393682) 
ita.a014 +X3 (44.490903,11.393681) NMP ita.ra001 +X3 (44.490903,11.393682)
ita.ra001 +X3 (44.490903,11.393682) NMP ita.e45 +X3 (44.490903,11.393681) ita.a014 +X3 (44.490903,11.393681) 

ita.e45 +12 (44.485484,11.407412) NMP ita.ra001 12 (44.485484,11.407413) 
ita.a014 +12 (44.485484,11.407412) NMP ita.ra001 12 (44.485484,11.407413) 
ita.ra001 12 (44.485484,11.407413) NMP ita.e45 +12 (44.485484,11.407412) ita.a014 +12 (44.485484,11.407412) 

ita.e45 +13 (44.48129,11.420201) NMP ita.ra001 13 (44.48129,11.420202)  
ita.a014 +13 (44.48129,11.420201) NMP ita.ra001 13 (44.48129,11.420202) 
ita.ra001 13 (44.48129,11.420202) NMP ita.e45 +13 (44.48129,11.420201) ita.a014 +13 (44.48129,11.420201) 

lux.n001a RueTre_W (49.610613,6.138514) NMP lux.n001a +X311827 (49.610557,6.138579) 
lux.n001a +X311827 (49.610557,6.138579) NMP lux.n001a RueTre_W (49.610613,6.138514) 

mne.m009 +X341091 (42.741394,19.667362) NMP mne.m009 +X269898 (42.741481,19.667383) 
mne.m009 +X269898 (42.741481,19.667383) NMP mne.m009 +X341091 (42.741394,19.667362) 

nor.rv007 +X381735 (60.421426,7.210926) NMP nor.rv007 +X885397 (60.421458,7.210937) 
nor.rv007 +X885397 (60.421458,7.210937) NMP nor.rv007 +X381735 (60.421426,7.210926) 

svk.d001 +1A (48.131805,17.104812) NMP svk.i002 PanCes_N (48.131805,17.104811) svk.i061 PanCes (48.131805,17.104811) 
svk.e58 +1A(D1) (48.131805,17.104812) NMP svk.i002 PanCes_N (48.131805,17.104811) svk.i061 PanCes (48.131805,17.104811) 
svk.e75 +1A(D1) (48.131805,17.104812) NMP svk.i002 PanCes_N (48.131805,17.104811) svk.i061 PanCes (48.131805,17.104811) 
svk.i002 PanCes_N (48.131805,17.104811) NMP svk.e58 +1A(D1) (48.131805,17.104812) svk.e75 +1A(D1) (48.131805,17.104812) svk.d001 +1A (48.131805,17.104812) 
svk.i061 PanCes (48.131805,17.104811) NMP svk.e58 +1A(D1) (48.131805,17.104812) svk.e75 +1A(D1) (48.131805,17.104812) svk.d001 +1A (48.131805,17.104812) 
